This file contains any messages produced by compilers while
running configure, to aid debugging if configure makes a mistake.

It was created by mcperf configure 0.1.1, which was
generated by GNU Autoconf 2.69.  Invocation command line was

  $ ./configure --enable-debug

## --------- ##
## Platform. ##
## --------- ##

hostname = pgs7179
uname -m = i686
uname -r = 4.4.0-92-generic
uname -s = Linux
uname -v = #115~14.04.1-Ubuntu SMP Thu Aug 10 15:06:46 UTC 2017

/usr/bin/uname -p = unknown
/bin/uname -X     = unknown

/bin/arch              = unknown
/usr/bin/arch -k       = unknown
/usr/convex/getsysinfo = unknown
/usr/bin/hostinfo      = unknown
/bin/machine           = unknown
/usr/bin/oslevel       = unknown
/bin/universe          = unknown

PATH: /usr/local/sbin
PATH: /usr/local/bin
PATH: /usr/sbin
PATH: /usr/bin
PATH: /sbin
PATH: /bin
PATH: /snap/bin


## ----------- ##
## Core tests. ##
## ----------- ##

configure:2383: checking for a BSD-compatible install
configure:2451: result: /usr/bin/install -c
configure:2462: checking whether build environment is sane
configure:2517: result: yes
configure:2668: checking for a thread-safe mkdir -p
configure:2707: result: /bin/mkdir -p
configure:2714: checking for gawk
configure:2744: result: no
configure:2714: checking for mawk
configure:2730: found /usr/bin/mawk
configure:2741: result: mawk
configure:2752: checking whether make sets $(MAKE)
configure:2774: result: yes
configure:2803: checking whether make supports nested variables
configure:2820: result: yes
configure:2973: checking for gawk
configure:3000: result: mawk
configure:3059: checking for gcc
configure:3075: found /usr/bin/gcc
configure:3086: result: gcc
configure:3315: checking for C compiler version
configure:3324: gcc --version >&5
gcc (Ubuntu 4.8.4-2ubuntu1~14.04.3) 4.8.4
Copyright (C) 2013 Free Software Foundation, Inc.
This is free software; see the source for copying conditions.  There is NO
warranty; not even for MERCHANTABILITY or FITNESS FOR A PARTICULAR PURPOSE.

configure:3335: $? = 0
configure:3324: gcc -v >&5
Using built-in specs.
COLLECT_GCC=gcc
COLLECT_LTO_WRAPPER=/usr/lib/gcc/i686-linux-gnu/4.8/lto-wrapper
Target: i686-linux-gnu
Configured with: ../src/configure -v --with-pkgversion='Ubuntu 4.8.4-2ubuntu1~14.04.3' --with-bugurl=file:///usr/share/doc/gcc-4.8/README.Bugs --enable-languages=c,c++,java,go,d,fortran,objc,obj-c++ --prefix=/usr --program-suffix=-4.8 --enable-shared --enable-linker-build-id --libexecdir=/usr/lib --without-included-gettext --enable-threads=posix --with-gxx-include-dir=/usr/include/c++/4.8 --libdir=/usr/lib --enable-nls --with-sysroot=/ --enable-clocale=gnu --enable-libstdcxx-debug --enable-libstdcxx-time=yes --enable-gnu-unique-object --disable-libmudflap --enable-plugin --with-system-zlib --disable-browser-plugin --enable-java-awt=gtk --enable-gtk-cairo --with-java-home=/usr/lib/jvm/java-1.5.0-gcj-4.8-i386/jre --enable-java-home --with-jvm-root-dir=/usr/lib/jvm/java-1.5.0-gcj-4.8-i386 --with-jvm-jar-dir=/usr/lib/jvm-exports/java-1.5.0-gcj-4.8-i386 --with-arch-directory=i386 --with-ecj-jar=/usr/share/java/eclipse-ecj.jar --enable-objc-gc --enable-targets=all --enable-multiarch --disable-werror --with-arch-32=i686 --with-multilib-list=m32,m64,mx32 --with-tune=generic --enable-checking=release --build=i686-linux-gnu --host=i686-linux-gnu --target=i686-linux-gnu
Thread model: posix
gcc version 4.8.4 (Ubuntu 4.8.4-2ubuntu1~14.04.3) 
configure:3335: $? = 0
configure:3324: gcc -V >&5
gcc: error: unrecognized command line option '-V'
gcc: fatal error: no input files
compilation terminated.
configure:3335: $? = 4
configure:3324: gcc -qversion >&5
gcc: error: unrecognized command line option '-qversion'
gcc: fatal error: no input files
compilation terminated.
configure:3335: $? = 4
configure:3355: checking whether the C compiler works
configure:3377: gcc -ggdb3 -O0   conftest.c  >&5
configure:3381: $? = 0
configure:3429: result: yes
configure:3432: checking for C compiler default output file name
configure:3434: result: a.out
configure:3440: checking for suffix of executables
configure:3447: gcc -o conftest -ggdb3 -O0   conftest.c  >&5
configure:3451: $? = 0
configure:3473: result: 
configure:3495: checking whether we are cross compiling
configure:3503: gcc -o conftest -ggdb3 -O0   conftest.c  >&5
configure:3507: $? = 0
configure:3514: ./conftest
configure:3518: $? = 0
configure:3533: result: no
configure:3538: checking for suffix of object files
configure:3560: gcc -c -ggdb3 -O0  conftest.c >&5
configure:3564: $? = 0
configure:3585: result: o
configure:3589: checking whether we are using the GNU C compiler
configure:3608: gcc -c -ggdb3 -O0  conftest.c >&5
configure:3608: $? = 0
configure:3617: result: yes
configure:3626: checking whether gcc accepts -g
configure:3646: gcc -c -g  conftest.c >&5
configure:3646: $? = 0
configure:3687: result: yes
configure:3704: checking for gcc option to accept ISO C89
configure:3767: gcc  -c -ggdb3 -O0  conftest.c >&5
configure:3767: $? = 0
configure:3780: result: none needed
configure:3805: checking whether gcc understands -c and -o together
configure:3827: gcc -c conftest.c -o conftest2.o
configure:3830: $? = 0
configure:3827: gcc -c conftest.c -o conftest2.o
configure:3830: $? = 0
configure:3842: result: yes
configure:3870: checking for style of include used by make
configure:3898: result: GNU
configure:3924: checking dependency style of gcc
configure:4035: result: gcc3
configure:4055: checking how to run the C preprocessor
configure:4086: gcc -E  conftest.c
configure:4086: $? = 0
configure:4100: gcc -E  conftest.c
conftest.c:15:28: fatal error: ac_nonexistent.h: No such file or directory
 #include <ac_nonexistent.h>
                            ^
compilation terminated.
configure:4100: $? = 1
configure: failed program was:
| /* confdefs.h */
| #define PACKAGE_NAME "mcperf"
| #define PACKAGE_TARNAME "mcperf"
| #define PACKAGE_VERSION "0.1.1"
| #define PACKAGE_STRING "mcperf 0.1.1"
| #define PACKAGE_BUGREPORT "manj@twitter.com"
| #define PACKAGE_URL ""
| #define PACKAGE "mcperf"
| #define VERSION "0.1.1"
| #define MCP_VERSION_MAJOR 0
| #define MCP_VERSION_MINOR 1
| #define MCP_VERSION_PATCH 1
| #define MCP_VERSION_STRING "0.1.1"
| /* end confdefs.h.  */
| #include <ac_nonexistent.h>
configure:4125: result: gcc -E
configure:4145: gcc -E  conftest.c
configure:4145: $? = 0
configure:4159: gcc -E  conftest.c
conftest.c:15:28: fatal error: ac_nonexistent.h: No such file or directory
 #include <ac_nonexistent.h>
                            ^
compilation terminated.
configure:4159: $? = 1
configure: failed program was:
| /* confdefs.h */
| #define PACKAGE_NAME "mcperf"
| #define PACKAGE_TARNAME "mcperf"
| #define PACKAGE_VERSION "0.1.1"
| #define PACKAGE_STRING "mcperf 0.1.1"
| #define PACKAGE_BUGREPORT "manj@twitter.com"
| #define PACKAGE_URL ""
| #define PACKAGE "mcperf"
| #define VERSION "0.1.1"
| #define MCP_VERSION_MAJOR 0
| #define MCP_VERSION_MINOR 1
| #define MCP_VERSION_PATCH 1
| #define MCP_VERSION_STRING "0.1.1"
| /* end confdefs.h.  */
| #include <ac_nonexistent.h>
configure:4188: checking whether ln -s works
configure:4192: result: yes
configure:4199: checking whether make sets $(MAKE)
configure:4221: result: yes
configure:4273: checking for ranlib
configure:4289: found /usr/bin/ranlib
configure:4300: result: ranlib
configure:4325: checking for inline
configure:4341: gcc -c -ggdb3 -O0  conftest.c >&5
configure:4341: $? = 0
configure:4349: result: inline
configure:4368: checking for grep that handles long lines and -e
configure:4426: result: /bin/grep
configure:4431: checking for egrep
configure:4493: result: /bin/grep -E
configure:4498: checking for ANSI C header files
configure:4518: gcc -c -ggdb3 -O0  conftest.c >&5
configure:4518: $? = 0
configure:4591: gcc -o conftest -ggdb3 -O0   conftest.c  >&5
configure:4591: $? = 0
configure:4591: ./conftest
configure:4591: $? = 0
configure:4602: result: yes
configure:4615: checking for sys/types.h
configure:4615: gcc -c -ggdb3 -O0  conftest.c >&5
configure:4615: $? = 0
configure:4615: result: yes
configure:4615: checking for sys/stat.h
configure:4615: gcc -c -ggdb3 -O0  conftest.c >&5
configure:4615: $? = 0
configure:4615: result: yes
configure:4615: checking for stdlib.h
configure:4615: gcc -c -ggdb3 -O0  conftest.c >&5
configure:4615: $? = 0
configure:4615: result: yes
configure:4615: checking for string.h
configure:4615: gcc -c -ggdb3 -O0  conftest.c >&5
configure:4615: $? = 0
configure:4615: result: yes
configure:4615: checking for memory.h
configure:4615: gcc -c -ggdb3 -O0  conftest.c >&5
configure:4615: $? = 0
configure:4615: result: yes
configure:4615: checking for strings.h
configure:4615: gcc -c -ggdb3 -O0  conftest.c >&5
configure:4615: $? = 0
configure:4615: result: yes
configure:4615: checking for inttypes.h
configure:4615: gcc -c -ggdb3 -O0  conftest.c >&5
configure:4615: $? = 0
configure:4615: result: yes
configure:4615: checking for stdint.h
configure:4615: gcc -c -ggdb3 -O0  conftest.c >&5
configure:4615: $? = 0
configure:4615: result: yes
configure:4615: checking for unistd.h
configure:4615: gcc -c -ggdb3 -O0  conftest.c >&5
configure:4615: $? = 0
configure:4615: result: yes
configure:4627: checking for int8_t
configure:4627: gcc -c -ggdb3 -O0  conftest.c >&5
configure:4627: $? = 0
configure:4627: gcc -c -ggdb3 -O0  conftest.c >&5
conftest.c: In function 'main':
conftest.c:62:12: error: size of array 'test_array' is negative
 static int test_array [1 - 2 * !((int8_t) (((((int8_t) 1 << N) << N) - 1) * 2 + 1)
            ^
configure:4627: $? = 1
configure: failed program was:
| /* confdefs.h */
| #define PACKAGE_NAME "mcperf"
| #define PACKAGE_TARNAME "mcperf"
| #define PACKAGE_VERSION "0.1.1"
| #define PACKAGE_STRING "mcperf 0.1.1"
| #define PACKAGE_BUGREPORT "manj@twitter.com"
| #define PACKAGE_URL ""
| #define PACKAGE "mcperf"
| #define VERSION "0.1.1"
| #define MCP_VERSION_MAJOR 0
| #define MCP_VERSION_MINOR 1
| #define MCP_VERSION_PATCH 1
| #define MCP_VERSION_STRING "0.1.1"
| #define STDC_HEADERS 1
| #define HAVE_SYS_TYPES_H 1
| #define HAVE_SYS_STAT_H 1
| #define HAVE_STDLIB_H 1
| #define HAVE_STRING_H 1
| #define HAVE_MEMORY_H 1
| #define HAVE_STRINGS_H 1
| #define HAVE_INTTYPES_H 1
| #define HAVE_STDINT_H 1
| #define HAVE_UNISTD_H 1
| /* end confdefs.h.  */
| #include <stdio.h>
| #ifdef HAVE_SYS_TYPES_H
| # include <sys/types.h>
| #endif
| #ifdef HAVE_SYS_STAT_H
| # include <sys/stat.h>
| #endif
| #ifdef STDC_HEADERS
| # include <stdlib.h>
| # include <stddef.h>
| #else
| # ifdef HAVE_STDLIB_H
| #  include <stdlib.h>
| # endif
| #endif
| #ifdef HAVE_STRING_H
| # if !defined STDC_HEADERS && defined HAVE_MEMORY_H
| #  include <memory.h>
| # endif
| # include <string.h>
| #endif
| #ifdef HAVE_STRINGS_H
| # include <strings.h>
| #endif
| #ifdef HAVE_INTTYPES_H
| # include <inttypes.h>
| #endif
| #ifdef HAVE_STDINT_H
| # include <stdint.h>
| #endif
| #ifdef HAVE_UNISTD_H
| # include <unistd.h>
| #endif
| 	        enum { N = 8 / 2 - 1 };
| int
| main ()
| {
| static int test_array [1 - 2 * !((int8_t) (((((int8_t) 1 << N) << N) - 1) * 2 + 1)
| 		 < (int8_t) (((((int8_t) 1 << N) << N) - 1) * 2 + 2))];
| test_array [0] = 0;
| return test_array [0];
| 
|   ;
|   return 0;
| }
configure:4627: result: yes
configure:4638: checking for int16_t
configure:4638: gcc -c -ggdb3 -O0  conftest.c >&5
configure:4638: $? = 0
configure:4638: gcc -c -ggdb3 -O0  conftest.c >&5
conftest.c: In function 'main':
conftest.c:62:12: error: size of array 'test_array' is negative
 static int test_array [1 - 2 * !((int16_t) (((((int16_t) 1 << N) << N) - 1) * 2 + 1)
            ^
configure:4638: $? = 1
configure: failed program was:
| /* confdefs.h */
| #define PACKAGE_NAME "mcperf"
| #define PACKAGE_TARNAME "mcperf"
| #define PACKAGE_VERSION "0.1.1"
| #define PACKAGE_STRING "mcperf 0.1.1"
| #define PACKAGE_BUGREPORT "manj@twitter.com"
| #define PACKAGE_URL ""
| #define PACKAGE "mcperf"
| #define VERSION "0.1.1"
| #define MCP_VERSION_MAJOR 0
| #define MCP_VERSION_MINOR 1
| #define MCP_VERSION_PATCH 1
| #define MCP_VERSION_STRING "0.1.1"
| #define STDC_HEADERS 1
| #define HAVE_SYS_TYPES_H 1
| #define HAVE_SYS_STAT_H 1
| #define HAVE_STDLIB_H 1
| #define HAVE_STRING_H 1
| #define HAVE_MEMORY_H 1
| #define HAVE_STRINGS_H 1
| #define HAVE_INTTYPES_H 1
| #define HAVE_STDINT_H 1
| #define HAVE_UNISTD_H 1
| /* end confdefs.h.  */
| #include <stdio.h>
| #ifdef HAVE_SYS_TYPES_H
| # include <sys/types.h>
| #endif
| #ifdef HAVE_SYS_STAT_H
| # include <sys/stat.h>
| #endif
| #ifdef STDC_HEADERS
| # include <stdlib.h>
| # include <stddef.h>
| #else
| # ifdef HAVE_STDLIB_H
| #  include <stdlib.h>
| # endif
| #endif
| #ifdef HAVE_STRING_H
| # if !defined STDC_HEADERS && defined HAVE_MEMORY_H
| #  include <memory.h>
| # endif
| # include <string.h>
| #endif
| #ifdef HAVE_STRINGS_H
| # include <strings.h>
| #endif
| #ifdef HAVE_INTTYPES_H
| # include <inttypes.h>
| #endif
| #ifdef HAVE_STDINT_H
| # include <stdint.h>
| #endif
| #ifdef HAVE_UNISTD_H
| # include <unistd.h>
| #endif
| 	        enum { N = 16 / 2 - 1 };
| int
| main ()
| {
| static int test_array [1 - 2 * !((int16_t) (((((int16_t) 1 << N) << N) - 1) * 2 + 1)
| 		 < (int16_t) (((((int16_t) 1 << N) << N) - 1) * 2 + 2))];
| test_array [0] = 0;
| return test_array [0];
| 
|   ;
|   return 0;
| }
configure:4638: result: yes
configure:4649: checking for int32_t
configure:4649: gcc -c -ggdb3 -O0  conftest.c >&5
configure:4649: $? = 0
configure:4649: gcc -c -ggdb3 -O0  conftest.c >&5
conftest.c: In function 'main':
conftest.c:63:53: warning: integer overflow in expression [-Woverflow]
    < (int32_t) (((((int32_t) 1 << N) << N) - 1) * 2 + 2))];
                                                     ^
conftest.c:62:12: error: storage size of 'test_array' isn't constant
 static int test_array [1 - 2 * !((int32_t) (((((int32_t) 1 << N) << N) - 1) * 2 + 1)
            ^
configure:4649: $? = 1
configure: failed program was:
| /* confdefs.h */
| #define PACKAGE_NAME "mcperf"
| #define PACKAGE_TARNAME "mcperf"
| #define PACKAGE_VERSION "0.1.1"
| #define PACKAGE_STRING "mcperf 0.1.1"
| #define PACKAGE_BUGREPORT "manj@twitter.com"
| #define PACKAGE_URL ""
| #define PACKAGE "mcperf"
| #define VERSION "0.1.1"
| #define MCP_VERSION_MAJOR 0
| #define MCP_VERSION_MINOR 1
| #define MCP_VERSION_PATCH 1
| #define MCP_VERSION_STRING "0.1.1"
| #define STDC_HEADERS 1
| #define HAVE_SYS_TYPES_H 1
| #define HAVE_SYS_STAT_H 1
| #define HAVE_STDLIB_H 1
| #define HAVE_STRING_H 1
| #define HAVE_MEMORY_H 1
| #define HAVE_STRINGS_H 1
| #define HAVE_INTTYPES_H 1
| #define HAVE_STDINT_H 1
| #define HAVE_UNISTD_H 1
| /* end confdefs.h.  */
| #include <stdio.h>
| #ifdef HAVE_SYS_TYPES_H
| # include <sys/types.h>
| #endif
| #ifdef HAVE_SYS_STAT_H
| # include <sys/stat.h>
| #endif
| #ifdef STDC_HEADERS
| # include <stdlib.h>
| # include <stddef.h>
| #else
| # ifdef HAVE_STDLIB_H
| #  include <stdlib.h>
| # endif
| #endif
| #ifdef HAVE_STRING_H
| # if !defined STDC_HEADERS && defined HAVE_MEMORY_H
| #  include <memory.h>
| # endif
| # include <string.h>
| #endif
| #ifdef HAVE_STRINGS_H
| # include <strings.h>
| #endif
| #ifdef HAVE_INTTYPES_H
| # include <inttypes.h>
| #endif
| #ifdef HAVE_STDINT_H
| # include <stdint.h>
| #endif
| #ifdef HAVE_UNISTD_H
| # include <unistd.h>
| #endif
| 	        enum { N = 32 / 2 - 1 };
| int
| main ()
| {
| static int test_array [1 - 2 * !((int32_t) (((((int32_t) 1 << N) << N) - 1) * 2 + 1)
| 		 < (int32_t) (((((int32_t) 1 << N) << N) - 1) * 2 + 2))];
| test_array [0] = 0;
| return test_array [0];
| 
|   ;
|   return 0;
| }
configure:4649: result: yes
configure:4660: checking for int64_t
configure:4660: gcc -c -ggdb3 -O0  conftest.c >&5
configure:4660: $? = 0
configure:4660: gcc -c -ggdb3 -O0  conftest.c >&5
conftest.c: In function 'main':
conftest.c:63:53: warning: integer overflow in expression [-Woverflow]
    < (int64_t) (((((int64_t) 1 << N) << N) - 1) * 2 + 2))];
                                                     ^
conftest.c:62:12: error: storage size of 'test_array' isn't constant
 static int test_array [1 - 2 * !((int64_t) (((((int64_t) 1 << N) << N) - 1) * 2 + 1)
            ^
configure:4660: $? = 1
configure: failed program was:
| /* confdefs.h */
| #define PACKAGE_NAME "mcperf"
| #define PACKAGE_TARNAME "mcperf"
| #define PACKAGE_VERSION "0.1.1"
| #define PACKAGE_STRING "mcperf 0.1.1"
| #define PACKAGE_BUGREPORT "manj@twitter.com"
| #define PACKAGE_URL ""
| #define PACKAGE "mcperf"
| #define VERSION "0.1.1"
| #define MCP_VERSION_MAJOR 0
| #define MCP_VERSION_MINOR 1
| #define MCP_VERSION_PATCH 1
| #define MCP_VERSION_STRING "0.1.1"
| #define STDC_HEADERS 1
| #define HAVE_SYS_TYPES_H 1
| #define HAVE_SYS_STAT_H 1
| #define HAVE_STDLIB_H 1
| #define HAVE_STRING_H 1
| #define HAVE_MEMORY_H 1
| #define HAVE_STRINGS_H 1
| #define HAVE_INTTYPES_H 1
| #define HAVE_STDINT_H 1
| #define HAVE_UNISTD_H 1
| /* end confdefs.h.  */
| #include <stdio.h>
| #ifdef HAVE_SYS_TYPES_H
| # include <sys/types.h>
| #endif
| #ifdef HAVE_SYS_STAT_H
| # include <sys/stat.h>
| #endif
| #ifdef STDC_HEADERS
| # include <stdlib.h>
| # include <stddef.h>
| #else
| # ifdef HAVE_STDLIB_H
| #  include <stdlib.h>
| # endif
| #endif
| #ifdef HAVE_STRING_H
| # if !defined STDC_HEADERS && defined HAVE_MEMORY_H
| #  include <memory.h>
| # endif
| # include <string.h>
| #endif
| #ifdef HAVE_STRINGS_H
| # include <strings.h>
| #endif
| #ifdef HAVE_INTTYPES_H
| # include <inttypes.h>
| #endif
| #ifdef HAVE_STDINT_H
| # include <stdint.h>
| #endif
| #ifdef HAVE_UNISTD_H
| # include <unistd.h>
| #endif
| 	        enum { N = 64 / 2 - 1 };
| int
| main ()
| {
| static int test_array [1 - 2 * !((int64_t) (((((int64_t) 1 << N) << N) - 1) * 2 + 1)
| 		 < (int64_t) (((((int64_t) 1 << N) << N) - 1) * 2 + 2))];
| test_array [0] = 0;
| return test_array [0];
| 
|   ;
|   return 0;
| }
configure:4660: result: yes
configure:4672: checking for unsigned long long int
configure:4711: gcc -o conftest -ggdb3 -O0   conftest.c  >&5
configure:4711: $? = 0
configure:4720: result: yes
configure:4730: checking for long long int
configure:4768: gcc -o conftest -ggdb3 -O0   conftest.c  >&5
configure:4768: $? = 0
configure:4768: ./conftest
configure:4768: $? = 0
configure:4780: result: yes
configure:4790: checking for intmax_t
configure:4790: gcc -c -ggdb3 -O0  conftest.c >&5
configure:4790: $? = 0
configure:4790: gcc -c -ggdb3 -O0  conftest.c >&5
conftest.c: In function 'main':
conftest.c:63:23: error: expected expression before ')' token
 if (sizeof ((intmax_t)))
                       ^
configure:4790: $? = 1
configure: failed program was:
| /* confdefs.h */
| #define PACKAGE_NAME "mcperf"
| #define PACKAGE_TARNAME "mcperf"
| #define PACKAGE_VERSION "0.1.1"
| #define PACKAGE_STRING "mcperf 0.1.1"
| #define PACKAGE_BUGREPORT "manj@twitter.com"
| #define PACKAGE_URL ""
| #define PACKAGE "mcperf"
| #define VERSION "0.1.1"
| #define MCP_VERSION_MAJOR 0
| #define MCP_VERSION_MINOR 1
| #define MCP_VERSION_PATCH 1
| #define MCP_VERSION_STRING "0.1.1"
| #define STDC_HEADERS 1
| #define HAVE_SYS_TYPES_H 1
| #define HAVE_SYS_STAT_H 1
| #define HAVE_STDLIB_H 1
| #define HAVE_STRING_H 1
| #define HAVE_MEMORY_H 1
| #define HAVE_STRINGS_H 1
| #define HAVE_INTTYPES_H 1
| #define HAVE_STDINT_H 1
| #define HAVE_UNISTD_H 1
| #define HAVE_UNSIGNED_LONG_LONG_INT 1
| #define HAVE_LONG_LONG_INT 1
| /* end confdefs.h.  */
| #include <stdio.h>
| #ifdef HAVE_SYS_TYPES_H
| # include <sys/types.h>
| #endif
| #ifdef HAVE_SYS_STAT_H
| # include <sys/stat.h>
| #endif
| #ifdef STDC_HEADERS
| # include <stdlib.h>
| # include <stddef.h>
| #else
| # ifdef HAVE_STDLIB_H
| #  include <stdlib.h>
| # endif
| #endif
| #ifdef HAVE_STRING_H
| # if !defined STDC_HEADERS && defined HAVE_MEMORY_H
| #  include <memory.h>
| # endif
| # include <string.h>
| #endif
| #ifdef HAVE_STRINGS_H
| # include <strings.h>
| #endif
| #ifdef HAVE_INTTYPES_H
| # include <inttypes.h>
| #endif
| #ifdef HAVE_STDINT_H
| # include <stdint.h>
| #endif
| #ifdef HAVE_UNISTD_H
| # include <unistd.h>
| #endif
| int
| main ()
| {
| if (sizeof ((intmax_t)))
| 	    return 0;
|   ;
|   return 0;
| }
configure:4790: result: yes
configure:4808: checking for intptr_t
configure:4808: gcc -c -ggdb3 -O0  conftest.c >&5
configure:4808: $? = 0
configure:4808: gcc -c -ggdb3 -O0  conftest.c >&5
conftest.c: In function 'main':
conftest.c:64:23: error: expected expression before ')' token
 if (sizeof ((intptr_t)))
                       ^
configure:4808: $? = 1
configure: failed program was:
| /* confdefs.h */
| #define PACKAGE_NAME "mcperf"
| #define PACKAGE_TARNAME "mcperf"
| #define PACKAGE_VERSION "0.1.1"
| #define PACKAGE_STRING "mcperf 0.1.1"
| #define PACKAGE_BUGREPORT "manj@twitter.com"
| #define PACKAGE_URL ""
| #define PACKAGE "mcperf"
| #define VERSION "0.1.1"
| #define MCP_VERSION_MAJOR 0
| #define MCP_VERSION_MINOR 1
| #define MCP_VERSION_PATCH 1
| #define MCP_VERSION_STRING "0.1.1"
| #define STDC_HEADERS 1
| #define HAVE_SYS_TYPES_H 1
| #define HAVE_SYS_STAT_H 1
| #define HAVE_STDLIB_H 1
| #define HAVE_STRING_H 1
| #define HAVE_MEMORY_H 1
| #define HAVE_STRINGS_H 1
| #define HAVE_INTTYPES_H 1
| #define HAVE_STDINT_H 1
| #define HAVE_UNISTD_H 1
| #define HAVE_UNSIGNED_LONG_LONG_INT 1
| #define HAVE_LONG_LONG_INT 1
| #define HAVE_INTMAX_T 1
| /* end confdefs.h.  */
| #include <stdio.h>
| #ifdef HAVE_SYS_TYPES_H
| # include <sys/types.h>
| #endif
| #ifdef HAVE_SYS_STAT_H
| # include <sys/stat.h>
| #endif
| #ifdef STDC_HEADERS
| # include <stdlib.h>
| # include <stddef.h>
| #else
| # ifdef HAVE_STDLIB_H
| #  include <stdlib.h>
| # endif
| #endif
| #ifdef HAVE_STRING_H
| # if !defined STDC_HEADERS && defined HAVE_MEMORY_H
| #  include <memory.h>
| # endif
| # include <string.h>
| #endif
| #ifdef HAVE_STRINGS_H
| # include <strings.h>
| #endif
| #ifdef HAVE_INTTYPES_H
| # include <inttypes.h>
| #endif
| #ifdef HAVE_STDINT_H
| # include <stdint.h>
| #endif
| #ifdef HAVE_UNISTD_H
| # include <unistd.h>
| #endif
| int
| main ()
| {
| if (sizeof ((intptr_t)))
| 	    return 0;
|   ;
|   return 0;
| }
configure:4808: result: yes
configure:4843: checking for uint8_t
configure:4843: gcc -c -ggdb3 -O0  conftest.c >&5
configure:4843: $? = 0
configure:4843: result: yes
configure:4857: checking for uint16_t
configure:4857: gcc -c -ggdb3 -O0  conftest.c >&5
configure:4857: $? = 0
configure:4857: result: yes
configure:4869: checking for uint32_t
configure:4869: gcc -c -ggdb3 -O0  conftest.c >&5
configure:4869: $? = 0
configure:4869: result: yes
configure:4883: checking for uint64_t
configure:4883: gcc -c -ggdb3 -O0  conftest.c >&5
configure:4883: $? = 0
configure:4883: result: yes
configure:4899: checking for uintmax_t
configure:4899: gcc -c -ggdb3 -O0  conftest.c >&5
configure:4899: $? = 0
configure:4899: gcc -c -ggdb3 -O0  conftest.c >&5
conftest.c: In function 'main':
conftest.c:65:24: error: expected expression before ')' token
 if (sizeof ((uintmax_t)))
                        ^
configure:4899: $? = 1
configure: failed program was:
| /* confdefs.h */
| #define PACKAGE_NAME "mcperf"
| #define PACKAGE_TARNAME "mcperf"
| #define PACKAGE_VERSION "0.1.1"
| #define PACKAGE_STRING "mcperf 0.1.1"
| #define PACKAGE_BUGREPORT "manj@twitter.com"
| #define PACKAGE_URL ""
| #define PACKAGE "mcperf"
| #define VERSION "0.1.1"
| #define MCP_VERSION_MAJOR 0
| #define MCP_VERSION_MINOR 1
| #define MCP_VERSION_PATCH 1
| #define MCP_VERSION_STRING "0.1.1"
| #define STDC_HEADERS 1
| #define HAVE_SYS_TYPES_H 1
| #define HAVE_SYS_STAT_H 1
| #define HAVE_STDLIB_H 1
| #define HAVE_STRING_H 1
| #define HAVE_MEMORY_H 1
| #define HAVE_STRINGS_H 1
| #define HAVE_INTTYPES_H 1
| #define HAVE_STDINT_H 1
| #define HAVE_UNISTD_H 1
| #define HAVE_UNSIGNED_LONG_LONG_INT 1
| #define HAVE_LONG_LONG_INT 1
| #define HAVE_INTMAX_T 1
| #define HAVE_INTPTR_T 1
| /* end confdefs.h.  */
| #include <stdio.h>
| #ifdef HAVE_SYS_TYPES_H
| # include <sys/types.h>
| #endif
| #ifdef HAVE_SYS_STAT_H
| # include <sys/stat.h>
| #endif
| #ifdef STDC_HEADERS
| # include <stdlib.h>
| # include <stddef.h>
| #else
| # ifdef HAVE_STDLIB_H
| #  include <stdlib.h>
| # endif
| #endif
| #ifdef HAVE_STRING_H
| # if !defined STDC_HEADERS && defined HAVE_MEMORY_H
| #  include <memory.h>
| # endif
| # include <string.h>
| #endif
| #ifdef HAVE_STRINGS_H
| # include <strings.h>
| #endif
| #ifdef HAVE_INTTYPES_H
| # include <inttypes.h>
| #endif
| #ifdef HAVE_STDINT_H
| # include <stdint.h>
| #endif
| #ifdef HAVE_UNISTD_H
| # include <unistd.h>
| #endif
| int
| main ()
| {
| if (sizeof ((uintmax_t)))
| 	    return 0;
|   ;
|   return 0;
| }
configure:4899: result: yes
configure:4917: checking for uintptr_t
configure:4917: gcc -c -ggdb3 -O0  conftest.c >&5
configure:4917: $? = 0
configure:4917: gcc -c -ggdb3 -O0  conftest.c >&5
conftest.c: In function 'main':
conftest.c:66:24: error: expected expression before ')' token
 if (sizeof ((uintptr_t)))
                        ^
configure:4917: $? = 1
configure: failed program was:
| /* confdefs.h */
| #define PACKAGE_NAME "mcperf"
| #define PACKAGE_TARNAME "mcperf"
| #define PACKAGE_VERSION "0.1.1"
| #define PACKAGE_STRING "mcperf 0.1.1"
| #define PACKAGE_BUGREPORT "manj@twitter.com"
| #define PACKAGE_URL ""
| #define PACKAGE "mcperf"
| #define VERSION "0.1.1"
| #define MCP_VERSION_MAJOR 0
| #define MCP_VERSION_MINOR 1
| #define MCP_VERSION_PATCH 1
| #define MCP_VERSION_STRING "0.1.1"
| #define STDC_HEADERS 1
| #define HAVE_SYS_TYPES_H 1
| #define HAVE_SYS_STAT_H 1
| #define HAVE_STDLIB_H 1
| #define HAVE_STRING_H 1
| #define HAVE_MEMORY_H 1
| #define HAVE_STRINGS_H 1
| #define HAVE_INTTYPES_H 1
| #define HAVE_STDINT_H 1
| #define HAVE_UNISTD_H 1
| #define HAVE_UNSIGNED_LONG_LONG_INT 1
| #define HAVE_LONG_LONG_INT 1
| #define HAVE_INTMAX_T 1
| #define HAVE_INTPTR_T 1
| #define HAVE_UINTMAX_T 1
| /* end confdefs.h.  */
| #include <stdio.h>
| #ifdef HAVE_SYS_TYPES_H
| # include <sys/types.h>
| #endif
| #ifdef HAVE_SYS_STAT_H
| # include <sys/stat.h>
| #endif
| #ifdef STDC_HEADERS
| # include <stdlib.h>
| # include <stddef.h>
| #else
| # ifdef HAVE_STDLIB_H
| #  include <stdlib.h>
| # endif
| #endif
| #ifdef HAVE_STRING_H
| # if !defined STDC_HEADERS && defined HAVE_MEMORY_H
| #  include <memory.h>
| # endif
| # include <string.h>
| #endif
| #ifdef HAVE_STRINGS_H
| # include <strings.h>
| #endif
| #ifdef HAVE_INTTYPES_H
| # include <inttypes.h>
| #endif
| #ifdef HAVE_STDINT_H
| # include <stdint.h>
| #endif
| #ifdef HAVE_UNISTD_H
| # include <unistd.h>
| #endif
| int
| main ()
| {
| if (sizeof ((uintptr_t)))
| 	    return 0;
|   ;
|   return 0;
| }
configure:4917: result: yes
configure:4953: checking for off_t
configure:4953: gcc -c -ggdb3 -O0  conftest.c >&5
configure:4953: $? = 0
configure:4953: gcc -c -ggdb3 -O0  conftest.c >&5
conftest.c: In function 'main':
conftest.c:67:20: error: expected expression before ')' token
 if (sizeof ((off_t)))
                    ^
configure:4953: $? = 1
configure: failed program was:
| /* confdefs.h */
| #define PACKAGE_NAME "mcperf"
| #define PACKAGE_TARNAME "mcperf"
| #define PACKAGE_VERSION "0.1.1"
| #define PACKAGE_STRING "mcperf 0.1.1"
| #define PACKAGE_BUGREPORT "manj@twitter.com"
| #define PACKAGE_URL ""
| #define PACKAGE "mcperf"
| #define VERSION "0.1.1"
| #define MCP_VERSION_MAJOR 0
| #define MCP_VERSION_MINOR 1
| #define MCP_VERSION_PATCH 1
| #define MCP_VERSION_STRING "0.1.1"
| #define STDC_HEADERS 1
| #define HAVE_SYS_TYPES_H 1
| #define HAVE_SYS_STAT_H 1
| #define HAVE_STDLIB_H 1
| #define HAVE_STRING_H 1
| #define HAVE_MEMORY_H 1
| #define HAVE_STRINGS_H 1
| #define HAVE_INTTYPES_H 1
| #define HAVE_STDINT_H 1
| #define HAVE_UNISTD_H 1
| #define HAVE_UNSIGNED_LONG_LONG_INT 1
| #define HAVE_LONG_LONG_INT 1
| #define HAVE_INTMAX_T 1
| #define HAVE_INTPTR_T 1
| #define HAVE_UINTMAX_T 1
| #define HAVE_UINTPTR_T 1
| /* end confdefs.h.  */
| #include <stdio.h>
| #ifdef HAVE_SYS_TYPES_H
| # include <sys/types.h>
| #endif
| #ifdef HAVE_SYS_STAT_H
| # include <sys/stat.h>
| #endif
| #ifdef STDC_HEADERS
| # include <stdlib.h>
| # include <stddef.h>
| #else
| # ifdef HAVE_STDLIB_H
| #  include <stdlib.h>
| # endif
| #endif
| #ifdef HAVE_STRING_H
| # if !defined STDC_HEADERS && defined HAVE_MEMORY_H
| #  include <memory.h>
| # endif
| # include <string.h>
| #endif
| #ifdef HAVE_STRINGS_H
| # include <strings.h>
| #endif
| #ifdef HAVE_INTTYPES_H
| # include <inttypes.h>
| #endif
| #ifdef HAVE_STDINT_H
| # include <stdint.h>
| #endif
| #ifdef HAVE_UNISTD_H
| # include <unistd.h>
| #endif
| int
| main ()
| {
| if (sizeof ((off_t)))
| 	    return 0;
|   ;
|   return 0;
| }
configure:4953: result: yes
configure:4964: checking for pid_t
configure:4964: gcc -c -ggdb3 -O0  conftest.c >&5
configure:4964: $? = 0
configure:4964: gcc -c -ggdb3 -O0  conftest.c >&5
conftest.c: In function 'main':
conftest.c:67:20: error: expected expression before ')' token
 if (sizeof ((pid_t)))
                    ^
configure:4964: $? = 1
configure: failed program was:
| /* confdefs.h */
| #define PACKAGE_NAME "mcperf"
| #define PACKAGE_TARNAME "mcperf"
| #define PACKAGE_VERSION "0.1.1"
| #define PACKAGE_STRING "mcperf 0.1.1"
| #define PACKAGE_BUGREPORT "manj@twitter.com"
| #define PACKAGE_URL ""
| #define PACKAGE "mcperf"
| #define VERSION "0.1.1"
| #define MCP_VERSION_MAJOR 0
| #define MCP_VERSION_MINOR 1
| #define MCP_VERSION_PATCH 1
| #define MCP_VERSION_STRING "0.1.1"
| #define STDC_HEADERS 1
| #define HAVE_SYS_TYPES_H 1
| #define HAVE_SYS_STAT_H 1
| #define HAVE_STDLIB_H 1
| #define HAVE_STRING_H 1
| #define HAVE_MEMORY_H 1
| #define HAVE_STRINGS_H 1
| #define HAVE_INTTYPES_H 1
| #define HAVE_STDINT_H 1
| #define HAVE_UNISTD_H 1
| #define HAVE_UNSIGNED_LONG_LONG_INT 1
| #define HAVE_LONG_LONG_INT 1
| #define HAVE_INTMAX_T 1
| #define HAVE_INTPTR_T 1
| #define HAVE_UINTMAX_T 1
| #define HAVE_UINTPTR_T 1
| /* end confdefs.h.  */
| #include <stdio.h>
| #ifdef HAVE_SYS_TYPES_H
| # include <sys/types.h>
| #endif
| #ifdef HAVE_SYS_STAT_H
| # include <sys/stat.h>
| #endif
| #ifdef STDC_HEADERS
| # include <stdlib.h>
| # include <stddef.h>
| #else
| # ifdef HAVE_STDLIB_H
| #  include <stdlib.h>
| # endif
| #endif
| #ifdef HAVE_STRING_H
| # if !defined STDC_HEADERS && defined HAVE_MEMORY_H
| #  include <memory.h>
| # endif
| # include <string.h>
| #endif
| #ifdef HAVE_STRINGS_H
| # include <strings.h>
| #endif
| #ifdef HAVE_INTTYPES_H
| # include <inttypes.h>
| #endif
| #ifdef HAVE_STDINT_H
| # include <stdint.h>
| #endif
| #ifdef HAVE_UNISTD_H
| # include <unistd.h>
| #endif
| int
| main ()
| {
| if (sizeof ((pid_t)))
| 	    return 0;
|   ;
|   return 0;
| }
configure:4964: result: yes
configure:4975: checking for size_t
configure:4975: gcc -c -ggdb3 -O0  conftest.c >&5
configure:4975: $? = 0
configure:4975: gcc -c -ggdb3 -O0  conftest.c >&5
conftest.c: In function 'main':
conftest.c:67:21: error: expected expression before ')' token
 if (sizeof ((size_t)))
                     ^
configure:4975: $? = 1
configure: failed program was:
| /* confdefs.h */
| #define PACKAGE_NAME "mcperf"
| #define PACKAGE_TARNAME "mcperf"
| #define PACKAGE_VERSION "0.1.1"
| #define PACKAGE_STRING "mcperf 0.1.1"
| #define PACKAGE_BUGREPORT "manj@twitter.com"
| #define PACKAGE_URL ""
| #define PACKAGE "mcperf"
| #define VERSION "0.1.1"
| #define MCP_VERSION_MAJOR 0
| #define MCP_VERSION_MINOR 1
| #define MCP_VERSION_PATCH 1
| #define MCP_VERSION_STRING "0.1.1"
| #define STDC_HEADERS 1
| #define HAVE_SYS_TYPES_H 1
| #define HAVE_SYS_STAT_H 1
| #define HAVE_STDLIB_H 1
| #define HAVE_STRING_H 1
| #define HAVE_MEMORY_H 1
| #define HAVE_STRINGS_H 1
| #define HAVE_INTTYPES_H 1
| #define HAVE_STDINT_H 1
| #define HAVE_UNISTD_H 1
| #define HAVE_UNSIGNED_LONG_LONG_INT 1
| #define HAVE_LONG_LONG_INT 1
| #define HAVE_INTMAX_T 1
| #define HAVE_INTPTR_T 1
| #define HAVE_UINTMAX_T 1
| #define HAVE_UINTPTR_T 1
| /* end confdefs.h.  */
| #include <stdio.h>
| #ifdef HAVE_SYS_TYPES_H
| # include <sys/types.h>
| #endif
| #ifdef HAVE_SYS_STAT_H
| # include <sys/stat.h>
| #endif
| #ifdef STDC_HEADERS
| # include <stdlib.h>
| # include <stddef.h>
| #else
| # ifdef HAVE_STDLIB_H
| #  include <stdlib.h>
| # endif
| #endif
| #ifdef HAVE_STRING_H
| # if !defined STDC_HEADERS && defined HAVE_MEMORY_H
| #  include <memory.h>
| # endif
| # include <string.h>
| #endif
| #ifdef HAVE_STRINGS_H
| # include <strings.h>
| #endif
| #ifdef HAVE_INTTYPES_H
| # include <inttypes.h>
| #endif
| #ifdef HAVE_STDINT_H
| # include <stdint.h>
| #endif
| #ifdef HAVE_UNISTD_H
| # include <unistd.h>
| #endif
| int
| main ()
| {
| if (sizeof ((size_t)))
| 	    return 0;
|   ;
|   return 0;
| }
configure:4975: result: yes
configure:4986: checking for ssize_t
configure:4986: gcc -c -ggdb3 -O0  conftest.c >&5
configure:4986: $? = 0
configure:4986: gcc -c -ggdb3 -O0  conftest.c >&5
conftest.c: In function 'main':
conftest.c:67:22: error: expected expression before ')' token
 if (sizeof ((ssize_t)))
                      ^
configure:4986: $? = 1
configure: failed program was:
| /* confdefs.h */
| #define PACKAGE_NAME "mcperf"
| #define PACKAGE_TARNAME "mcperf"
| #define PACKAGE_VERSION "0.1.1"
| #define PACKAGE_STRING "mcperf 0.1.1"
| #define PACKAGE_BUGREPORT "manj@twitter.com"
| #define PACKAGE_URL ""
| #define PACKAGE "mcperf"
| #define VERSION "0.1.1"
| #define MCP_VERSION_MAJOR 0
| #define MCP_VERSION_MINOR 1
| #define MCP_VERSION_PATCH 1
| #define MCP_VERSION_STRING "0.1.1"
| #define STDC_HEADERS 1
| #define HAVE_SYS_TYPES_H 1
| #define HAVE_SYS_STAT_H 1
| #define HAVE_STDLIB_H 1
| #define HAVE_STRING_H 1
| #define HAVE_MEMORY_H 1
| #define HAVE_STRINGS_H 1
| #define HAVE_INTTYPES_H 1
| #define HAVE_STDINT_H 1
| #define HAVE_UNISTD_H 1
| #define HAVE_UNSIGNED_LONG_LONG_INT 1
| #define HAVE_LONG_LONG_INT 1
| #define HAVE_INTMAX_T 1
| #define HAVE_INTPTR_T 1
| #define HAVE_UINTMAX_T 1
| #define HAVE_UINTPTR_T 1
| /* end confdefs.h.  */
| #include <stdio.h>
| #ifdef HAVE_SYS_TYPES_H
| # include <sys/types.h>
| #endif
| #ifdef HAVE_SYS_STAT_H
| # include <sys/stat.h>
| #endif
| #ifdef STDC_HEADERS
| # include <stdlib.h>
| # include <stddef.h>
| #else
| # ifdef HAVE_STDLIB_H
| #  include <stdlib.h>
| # endif
| #endif
| #ifdef HAVE_STRING_H
| # if !defined STDC_HEADERS && defined HAVE_MEMORY_H
| #  include <memory.h>
| # endif
| # include <string.h>
| #endif
| #ifdef HAVE_STRINGS_H
| # include <strings.h>
| #endif
| #ifdef HAVE_INTTYPES_H
| # include <inttypes.h>
| #endif
| #ifdef HAVE_STDINT_H
| # include <stdint.h>
| #endif
| #ifdef HAVE_UNISTD_H
| # include <unistd.h>
| #endif
| int
| main ()
| {
| if (sizeof ((ssize_t)))
| 	    return 0;
|   ;
|   return 0;
| }
configure:4986: result: yes
configure:4999: checking for stdbool.h that conforms to C99
configure:5066: gcc -c -ggdb3 -O0  conftest.c >&5
configure:5066: $? = 0
configure:5073: result: yes
configure:5075: checking for _Bool
configure:5075: gcc -c -ggdb3 -O0  conftest.c >&5
configure:5075: $? = 0
configure:5075: gcc -c -ggdb3 -O0  conftest.c >&5
conftest.c: In function 'main':
conftest.c:67:20: error: expected expression before ')' token
 if (sizeof ((_Bool)))
                    ^
configure:5075: $? = 1
configure: failed program was:
| /* confdefs.h */
| #define PACKAGE_NAME "mcperf"
| #define PACKAGE_TARNAME "mcperf"
| #define PACKAGE_VERSION "0.1.1"
| #define PACKAGE_STRING "mcperf 0.1.1"
| #define PACKAGE_BUGREPORT "manj@twitter.com"
| #define PACKAGE_URL ""
| #define PACKAGE "mcperf"
| #define VERSION "0.1.1"
| #define MCP_VERSION_MAJOR 0
| #define MCP_VERSION_MINOR 1
| #define MCP_VERSION_PATCH 1
| #define MCP_VERSION_STRING "0.1.1"
| #define STDC_HEADERS 1
| #define HAVE_SYS_TYPES_H 1
| #define HAVE_SYS_STAT_H 1
| #define HAVE_STDLIB_H 1
| #define HAVE_STRING_H 1
| #define HAVE_MEMORY_H 1
| #define HAVE_STRINGS_H 1
| #define HAVE_INTTYPES_H 1
| #define HAVE_STDINT_H 1
| #define HAVE_UNISTD_H 1
| #define HAVE_UNSIGNED_LONG_LONG_INT 1
| #define HAVE_LONG_LONG_INT 1
| #define HAVE_INTMAX_T 1
| #define HAVE_INTPTR_T 1
| #define HAVE_UINTMAX_T 1
| #define HAVE_UINTPTR_T 1
| /* end confdefs.h.  */
| #include <stdio.h>
| #ifdef HAVE_SYS_TYPES_H
| # include <sys/types.h>
| #endif
| #ifdef HAVE_SYS_STAT_H
| # include <sys/stat.h>
| #endif
| #ifdef STDC_HEADERS
| # include <stdlib.h>
| # include <stddef.h>
| #else
| # ifdef HAVE_STDLIB_H
| #  include <stdlib.h>
| # endif
| #endif
| #ifdef HAVE_STRING_H
| # if !defined STDC_HEADERS && defined HAVE_MEMORY_H
| #  include <memory.h>
| # endif
| # include <string.h>
| #endif
| #ifdef HAVE_STRINGS_H
| # include <strings.h>
| #endif
| #ifdef HAVE_INTTYPES_H
| # include <inttypes.h>
| #endif
| #ifdef HAVE_STDINT_H
| # include <stdint.h>
| #endif
| #ifdef HAVE_UNISTD_H
| # include <unistd.h>
| #endif
| int
| main ()
| {
| if (sizeof ((_Bool)))
| 	    return 0;
|   ;
|   return 0;
| }
configure:5075: result: yes
configure:5095: checking fcntl.h usability
configure:5095: gcc -c -ggdb3 -O0  conftest.c >&5
configure:5095: $? = 0
configure:5095: result: yes
configure:5095: checking fcntl.h presence
configure:5095: gcc -E  conftest.c
configure:5095: $? = 0
configure:5095: result: yes
configure:5095: checking for fcntl.h
configure:5095: result: yes
configure:5095: checking float.h usability
configure:5095: gcc -c -ggdb3 -O0  conftest.c >&5
configure:5095: $? = 0
configure:5095: result: yes
configure:5095: checking float.h presence
configure:5095: gcc -E  conftest.c
configure:5095: $? = 0
configure:5095: result: yes
configure:5095: checking for float.h
configure:5095: result: yes
configure:5095: checking stddef.h usability
configure:5095: gcc -c -ggdb3 -O0  conftest.c >&5
configure:5095: $? = 0
configure:5095: result: yes
configure:5095: checking stddef.h presence
configure:5095: gcc -E  conftest.c
configure:5095: $? = 0
configure:5095: result: yes
configure:5095: checking for stddef.h
configure:5095: result: yes
configure:5095: checking for stdlib.h
configure:5095: result: yes
configure:5095: checking for string.h
configure:5095: result: yes
configure:5095: checking for unistd.h
configure:5095: result: yes
configure:5108: checking for inttypes.h
configure:5108: result: yes
configure:5108: checking for stdint.h
configure:5108: result: yes
configure:5121: checking sys/ioctl.h usability
configure:5121: gcc -c -ggdb3 -O0  conftest.c >&5
configure:5121: $? = 0
configure:5121: result: yes
configure:5121: checking sys/ioctl.h presence
configure:5121: gcc -E  conftest.c
configure:5121: $? = 0
configure:5121: result: yes
configure:5121: checking for sys/ioctl.h
configure:5121: result: yes
configure:5121: checking sys/time.h usability
configure:5121: gcc -c -ggdb3 -O0  conftest.c >&5
configure:5121: $? = 0
configure:5121: result: yes
configure:5121: checking sys/time.h presence
configure:5121: gcc -E  conftest.c
configure:5121: $? = 0
configure:5121: result: yes
configure:5121: checking for sys/time.h
configure:5121: result: yes
configure:5121: checking sys/uio.h usability
configure:5121: gcc -c -ggdb3 -O0  conftest.c >&5
configure:5121: $? = 0
configure:5121: result: yes
configure:5121: checking sys/uio.h presence
configure:5121: gcc -E  conftest.c
configure:5121: $? = 0
configure:5121: result: yes
configure:5121: checking for sys/uio.h
configure:5121: result: yes
configure:5134: checking sys/socket.h usability
configure:5134: gcc -c -ggdb3 -O0  conftest.c >&5
configure:5134: $? = 0
configure:5134: result: yes
configure:5134: checking sys/socket.h presence
configure:5134: gcc -E  conftest.c
configure:5134: $? = 0
configure:5134: result: yes
configure:5134: checking for sys/socket.h
configure:5134: result: yes
configure:5134: checking sys/un.h usability
configure:5134: gcc -c -ggdb3 -O0  conftest.c >&5
configure:5134: $? = 0
configure:5134: result: yes
configure:5134: checking sys/un.h presence
configure:5134: gcc -E  conftest.c
configure:5134: $? = 0
configure:5134: result: yes
configure:5134: checking for sys/un.h
configure:5134: result: yes
configure:5134: checking netinet/in.h usability
configure:5134: gcc -c -ggdb3 -O0  conftest.c >&5
configure:5134: $? = 0
configure:5134: result: yes
configure:5134: checking netinet/in.h presence
configure:5134: gcc -E  conftest.c
configure:5134: $? = 0
configure:5134: result: yes
configure:5134: checking for netinet/in.h
configure:5134: result: yes
configure:5134: checking arpa/inet.h usability
configure:5134: gcc -c -ggdb3 -O0  conftest.c >&5
configure:5134: $? = 0
configure:5134: result: yes
configure:5134: checking arpa/inet.h presence
configure:5134: gcc -E  conftest.c
configure:5134: $? = 0
configure:5134: result: yes
configure:5134: checking for arpa/inet.h
configure:5134: result: yes
configure:5134: checking netdb.h usability
configure:5134: gcc -c -ggdb3 -O0  conftest.c >&5
configure:5134: $? = 0
configure:5134: result: yes
configure:5134: checking netdb.h presence
configure:5134: gcc -E  conftest.c
configure:5134: $? = 0
configure:5134: result: yes
configure:5134: checking for netdb.h
configure:5134: result: yes
configure:5146: checking sys/epoll.h usability
configure:5146: gcc -c -ggdb3 -O0  conftest.c >&5
configure:5146: $? = 0
configure:5146: result: yes
configure:5146: checking sys/epoll.h presence
configure:5146: gcc -E  conftest.c
configure:5146: $? = 0
configure:5146: result: yes
configure:5146: checking for sys/epoll.h
configure:5146: result: yes
configure:5162: checking for stdlib.h
configure:5162: result: yes
configure:5172: checking for GNU libc compatible malloc
configure:5196: gcc -o conftest -ggdb3 -O0   conftest.c  >&5
configure:5196: $? = 0
configure:5196: ./conftest
configure:5196: $? = 0
configure:5206: result: yes
configure:5229: checking for stdlib.h
configure:5229: result: yes
configure:5239: checking for GNU libc compatible realloc
configure:5263: gcc -o conftest -ggdb3 -O0   conftest.c  >&5
configure:5263: $? = 0
configure:5263: ./conftest
configure:5263: $? = 0
configure:5273: result: yes
configure:5294: checking for working strtod
configure:5335: gcc -o conftest -ggdb3 -O0   conftest.c  >&5
configure:5335: $? = 0
configure:5335: ./conftest
configure:5335: $? = 0
configure:5345: result: yes
configure:5410: checking for gettimeofday
configure:5410: gcc -o conftest -ggdb3 -O0   conftest.c  >&5
configure:5410: $? = 0
configure:5410: result: yes
configure:5410: checking for memchr
configure:5410: gcc -o conftest -ggdb3 -O0   conftest.c  >&5
conftest.c:78:6: warning: conflicting types for built-in function 'memchr' [enabled by default]
 char memchr ();
      ^
configure:5410: $? = 0
configure:5410: result: yes
configure:5410: checking for memmove
configure:5410: gcc -o conftest -ggdb3 -O0   conftest.c  >&5
conftest.c:79:6: warning: conflicting types for built-in function 'memmove' [enabled by default]
 char memmove ();
      ^
configure:5410: $? = 0
configure:5410: result: yes
configure:5410: checking for memset
configure:5410: gcc -o conftest -ggdb3 -O0   conftest.c  >&5
conftest.c:80:6: warning: conflicting types for built-in function 'memset' [enabled by default]
 char memset ();
      ^
configure:5410: $? = 0
configure:5410: result: yes
configure:5410: checking for socket
configure:5410: gcc -o conftest -ggdb3 -O0   conftest.c  >&5
configure:5410: $? = 0
configure:5410: result: yes
configure:5410: checking for strchr
configure:5410: gcc -o conftest -ggdb3 -O0   conftest.c  >&5
conftest.c:82:6: warning: conflicting types for built-in function 'strchr' [enabled by default]
 char strchr ();
      ^
configure:5410: $? = 0
configure:5410: result: yes
configure:5410: checking for strerror
configure:5410: gcc -o conftest -ggdb3 -O0   conftest.c  >&5
configure:5410: $? = 0
configure:5410: result: yes
configure:5410: checking for strndup
configure:5410: gcc -o conftest -ggdb3 -O0   conftest.c  >&5
conftest.c:84:6: warning: conflicting types for built-in function 'strndup' [enabled by default]
 char strndup ();
      ^
configure:5410: $? = 0
configure:5410: result: yes
configure:5410: checking for strtoul
configure:5410: gcc -o conftest -ggdb3 -O0   conftest.c  >&5
configure:5410: $? = 0
configure:5410: result: yes
configure:5420: checking if epoll works
configure:5451: gcc -o conftest -ggdb3 -O0   conftest.c  >&5
configure:5451: $? = 0
configure:5451: ./conftest
configure:5451: $? = 0
configure:5461: result: yes
configure:5473: checking for pow in -lm
configure:5498: gcc -o conftest -ggdb3 -O0   conftest.c -lm   >&5
conftest.c:70:6: warning: conflicting types for built-in function 'pow' [enabled by default]
 char pow ();
      ^
configure:5498: $? = 0
configure:5507: result: yes
configure:5520: checking whether to enable debug logs and asserts
configure:5546: result: yes
configure:5663: checking that generated files are newer than configure
configure:5669: result: done
configure:5692: creating ./config.status

## ---------------------- ##
## Running config.status. ##
## ---------------------- ##

This file was extended by mcperf config.status 0.1.1, which was
generated by GNU Autoconf 2.69.  Invocation command line was

  CONFIG_FILES    = 
  CONFIG_HEADERS  = 
  CONFIG_LINKS    = 
  CONFIG_COMMANDS = 
  $ ./config.status 

on pgs7179

config.status:903: creating Makefile
config.status:903: creating src/Makefile
config.status:903: creating src/gen/Makefile
config.status:903: creating src/stats/Makefile
config.status:903: creating config.h
config.status:1132: executing depfiles commands

## ---------------- ##
## Cache variables. ##
## ---------------- ##

ac_cv_c_compiler_gnu=yes
ac_cv_c_inline=inline
ac_cv_c_int16_t=yes
ac_cv_c_int32_t=yes
ac_cv_c_int64_t=yes
ac_cv_c_int8_t=yes
ac_cv_c_uint16_t=yes
ac_cv_c_uint32_t=yes
ac_cv_c_uint64_t=yes
ac_cv_c_uint8_t=yes
ac_cv_env_CC_set=
ac_cv_env_CC_value=
ac_cv_env_CFLAGS_set=set
ac_cv_env_CFLAGS_value='-ggdb3 -O0'
ac_cv_env_CPPFLAGS_set=
ac_cv_env_CPPFLAGS_value=
ac_cv_env_CPP_set=
ac_cv_env_CPP_value=
ac_cv_env_LDFLAGS_set=
ac_cv_env_LDFLAGS_value=
ac_cv_env_LIBS_set=
ac_cv_env_LIBS_value=
ac_cv_env_build_alias_set=
ac_cv_env_build_alias_value=
ac_cv_env_host_alias_set=
ac_cv_env_host_alias_value=
ac_cv_env_target_alias_set=
ac_cv_env_target_alias_value=
ac_cv_epoll_works=yes
ac_cv_func_gettimeofday=yes
ac_cv_func_malloc_0_nonnull=yes
ac_cv_func_memchr=yes
ac_cv_func_memmove=yes
ac_cv_func_memset=yes
ac_cv_func_realloc_0_nonnull=yes
ac_cv_func_socket=yes
ac_cv_func_strchr=yes
ac_cv_func_strerror=yes
ac_cv_func_strndup=yes
ac_cv_func_strtod=yes
ac_cv_func_strtoul=yes
ac_cv_header_arpa_inet_h=yes
ac_cv_header_fcntl_h=yes
ac_cv_header_float_h=yes
ac_cv_header_inttypes_h=yes
ac_cv_header_memory_h=yes
ac_cv_header_netdb_h=yes
ac_cv_header_netinet_in_h=yes
ac_cv_header_stdbool_h=yes
ac_cv_header_stdc=yes
ac_cv_header_stddef_h=yes
ac_cv_header_stdint_h=yes
ac_cv_header_stdlib_h=yes
ac_cv_header_string_h=yes
ac_cv_header_strings_h=yes
ac_cv_header_sys_epoll_h=yes
ac_cv_header_sys_ioctl_h=yes
ac_cv_header_sys_socket_h=yes
ac_cv_header_sys_stat_h=yes
ac_cv_header_sys_time_h=yes
ac_cv_header_sys_types_h=yes
ac_cv_header_sys_uio_h=yes
ac_cv_header_sys_un_h=yes
ac_cv_header_unistd_h=yes
ac_cv_lib_m_pow=yes
ac_cv_objext=o
ac_cv_path_EGREP='/bin/grep -E'
ac_cv_path_GREP=/bin/grep
ac_cv_path_install='/usr/bin/install -c'
ac_cv_path_mkdir=/bin/mkdir
ac_cv_prog_AWK=mawk
ac_cv_prog_CPP='gcc -E'
ac_cv_prog_ac_ct_CC=gcc
ac_cv_prog_ac_ct_RANLIB=ranlib
ac_cv_prog_cc_c89=
ac_cv_prog_cc_g=yes
ac_cv_prog_make_make_set=yes
ac_cv_type__Bool=yes
ac_cv_type_intmax_t=yes
ac_cv_type_intptr_t=yes
ac_cv_type_long_long_int=yes
ac_cv_type_off_t=yes
ac_cv_type_pid_t=yes
ac_cv_type_size_t=yes
ac_cv_type_ssize_t=yes
ac_cv_type_uintmax_t=yes
ac_cv_type_uintptr_t=yes
ac_cv_type_unsigned_long_long_int=yes
am_cv_CC_dependencies_compiler_type=gcc3
am_cv_make_support_nested_variables=yes
am_cv_prog_cc_c_o=yes

## ----------------- ##
## Output variables. ##
## ----------------- ##

ACLOCAL='${SHELL} /home/pgs7179/work/claudNcap/twemperf/config/missing aclocal-1.14'
AMDEPBACKSLASH='\'
AMDEP_FALSE='#'
AMDEP_TRUE=''
AMTAR='$${TAR-tar}'
AM_BACKSLASH='\'
AM_DEFAULT_V='$(AM_DEFAULT_VERBOSITY)'
AM_DEFAULT_VERBOSITY='1'
AM_V='$(V)'
AUTOCONF='${SHELL} /home/pgs7179/work/claudNcap/twemperf/config/missing autoconf'
AUTOHEADER='${SHELL} /home/pgs7179/work/claudNcap/twemperf/config/missing autoheader'
AUTOMAKE='${SHELL} /home/pgs7179/work/claudNcap/twemperf/config/missing automake-1.14'
AWK='mawk'
CC='gcc'
CCDEPMODE='depmode=gcc3'
CFLAGS='-ggdb3 -O0'
CPP='gcc -E'
CPPFLAGS=''
CYGPATH_W='echo'
DEFS='-DHAVE_CONFIG_H'
DEPDIR='.deps'
ECHO_C=''
ECHO_N='-n'
ECHO_T=''
EGREP='/bin/grep -E'
EXEEXT=''
GREP='/bin/grep'
INSTALL_DATA='${INSTALL} -m 644'
INSTALL_PROGRAM='${INSTALL}'
INSTALL_SCRIPT='${INSTALL}'
INSTALL_STRIP_PROGRAM='$(install_sh) -c -s'
LDFLAGS=''
LIBOBJS=''
LIBS='-lm '
LN_S='ln -s'
LTLIBOBJS=''
MAKEINFO='${SHELL} /home/pgs7179/work/claudNcap/twemperf/config/missing makeinfo'
MKDIR_P='/bin/mkdir -p'
OBJEXT='o'
PACKAGE='mcperf'
PACKAGE_BUGREPORT='manj@twitter.com'
PACKAGE_NAME='mcperf'
PACKAGE_STRING='mcperf 0.1.1'
PACKAGE_TARNAME='mcperf'
PACKAGE_URL=''
PACKAGE_VERSION='0.1.1'
PATH_SEPARATOR=':'
POW_LIB=''
RANLIB='ranlib'
SET_MAKE=''
SHELL='/bin/bash'
STRIP=''
VERSION='0.1.1'
ac_ct_CC='gcc'
am__EXEEXT_FALSE=''
am__EXEEXT_TRUE='#'
am__fastdepCC_FALSE='#'
am__fastdepCC_TRUE=''
am__include='include'
am__isrc=''
am__leading_dot='.'
am__nodep='_no'
am__quote=''
am__tar='$${TAR-tar} chof - "$$tardir"'
am__untar='$${TAR-tar} xf -'
bindir='${exec_prefix}/bin'
build_alias=''
datadir='${datarootdir}'
datarootdir='${prefix}/share'
docdir='${datarootdir}/doc/${PACKAGE_TARNAME}'
dvidir='${docdir}'
exec_prefix='${prefix}'
host_alias=''
htmldir='${docdir}'
includedir='${prefix}/include'
infodir='${datarootdir}/info'
install_sh='${SHELL} /home/pgs7179/work/claudNcap/twemperf/config/install-sh'
libdir='${exec_prefix}/lib'
libexecdir='${exec_prefix}/libexec'
localedir='${datarootdir}/locale'
localstatedir='${prefix}/var'
mandir='${datarootdir}/man'
mkdir_p='$(MKDIR_P)'
oldincludedir='/usr/include'
pdfdir='${docdir}'
prefix='/usr/local'
program_transform_name='s,x,x,'
psdir='${docdir}'
sbindir='${exec_prefix}/sbin'
sharedstatedir='${prefix}/com'
sysconfdir='${prefix}/etc'
target_alias=''

## ----------- ##
## confdefs.h. ##
## ----------- ##

/* confdefs.h */
#define PACKAGE_NAME "mcperf"
#define PACKAGE_TARNAME "mcperf"
#define PACKAGE_VERSION "0.1.1"
#define PACKAGE_STRING "mcperf 0.1.1"
#define PACKAGE_BUGREPORT "manj@twitter.com"
#define PACKAGE_URL ""
#define PACKAGE "mcperf"
#define VERSION "0.1.1"
#define MCP_VERSION_MAJOR 0
#define MCP_VERSION_MINOR 1
#define MCP_VERSION_PATCH 1
#define MCP_VERSION_STRING "0.1.1"
#define STDC_HEADERS 1
#define HAVE_SYS_TYPES_H 1
#define HAVE_SYS_STAT_H 1
#define HAVE_STDLIB_H 1
#define HAVE_STRING_H 1
#define HAVE_MEMORY_H 1
#define HAVE_STRINGS_H 1
#define HAVE_INTTYPES_H 1
#define HAVE_STDINT_H 1
#define HAVE_UNISTD_H 1
#define HAVE_UNSIGNED_LONG_LONG_INT 1
#define HAVE_LONG_LONG_INT 1
#define HAVE_INTMAX_T 1
#define HAVE_INTPTR_T 1
#define HAVE_UINTMAX_T 1
#define HAVE_UINTPTR_T 1
#define HAVE__BOOL 1
#define HAVE_STDBOOL_H 1
#define HAVE_FCNTL_H 1
#define HAVE_FLOAT_H 1
#define HAVE_STDDEF_H 1
#define HAVE_STDLIB_H 1
#define HAVE_STRING_H 1
#define HAVE_UNISTD_H 1
#define HAVE_INTTYPES_H 1
#define HAVE_STDINT_H 1
#define HAVE_SYS_IOCTL_H 1
#define HAVE_SYS_TIME_H 1
#define HAVE_SYS_UIO_H 1
#define HAVE_SYS_SOCKET_H 1
#define HAVE_SYS_UN_H 1
#define HAVE_NETINET_IN_H 1
#define HAVE_ARPA_INET_H 1
#define HAVE_NETDB_H 1
#define HAVE_SYS_EPOLL_H 1
#define HAVE_STDLIB_H 1
#define HAVE_MALLOC 1
#define HAVE_STDLIB_H 1
#define HAVE_REALLOC 1
#define HAVE_GETTIMEOFDAY 1
#define HAVE_MEMCHR 1
#define HAVE_MEMMOVE 1
#define HAVE_MEMSET 1
#define HAVE_SOCKET 1
#define HAVE_STRCHR 1
#define HAVE_STRERROR 1
#define HAVE_STRNDUP 1
#define HAVE_STRTOUL 1
#define HAVE_LIBM 1
#define HAVE_ASSERT_PANIC 1
#define HAVE_DEBUG_LOG 1

configure: exit 0
